<?xml version="1.0" encoding="UTF-8"?>
<testsuite name="com.whiten.eurekaserver.EurekaServerApplicationTests" tests="1" skipped="0" failures="0" errors="0" timestamp="2024-04-06T08:47:03" hostname="WHITEN" time="0.678">
  <properties/>
  <testcase name="contextLoads()" classname="com.whiten.eurekaserver.EurekaServerApplicationTests" time="0.678"/>
  <system-out><![CDATA[16:46:57.952 [Test worker] INFO org.springframework.test.context.support.AnnotationConfigContextLoaderUtils -- Could not detect default configuration classes for test class [com.whiten.eurekaserver.EurekaServerApplicationTests]: EurekaServerApplicationTests does not declare any static, non-private, non-final, nested classes annotated with @Configuration.
16:46:58.039 [Test worker] INFO org.springframework.boot.test.context.SpringBootTestContextBootstrapper -- Found @SpringBootConfiguration com.whiten.eurekaserver.EurekaServerApplication for test class com.whiten.eurekaserver.EurekaServerApplicationTests

  .   ____          _            __ _ _
 /\\ / ___'_ __ _ _(_)_ __  __ _ \ \ \ \
( ( )\___ | '_ | '_| | '_ \/ _` | \ \ \ \
 \\/  ___)| |_)| | | | | || (_| |  ) ) ) )
  '  |____| .__|_| |_|_| |_\__, | / / / /
 =========|_|==============|___/=/_/_/_/
 :: Spring Boot ::                (v3.2.4)

2024-04-06T16:46:59.398+08:00  INFO 172516 --- [EurekaServer] [    Test worker] c.w.e.EurekaServerApplicationTests       : Starting EurekaServerApplicationTests using Java 21.0.2 with PID 172516 (started by Alone in C:\Users\Alone\Desktop\ride-share-ms\EurekaServer)
2024-04-06T16:46:59.400+08:00  INFO 172516 --- [EurekaServer] [    Test worker] c.w.e.EurekaServerApplicationTests       : No active profile set, falling back to 1 default profile: "default"
2024-04-06T16:47:00.236+08:00  INFO 172516 --- [EurekaServer] [    Test worker] o.s.cloud.context.scope.GenericScope     : BeanFactory id=42820cf5-323e-34ac-833c-dede01824476
2024-04-06T16:47:00.311+08:00  WARN 172516 --- [EurekaServer] [    Test worker] trationDelegate$BeanPostProcessorChecker : Bean 'org.springframework.cloud.client.loadbalancer.LoadBalancerAutoConfiguration$DeferringLoadBalancerInterceptorConfig' of type [org.springframework.cloud.client.loadbalancer.LoadBalancerAutoConfiguration$DeferringLoadBalancerInterceptorConfig] is not eligible for getting processed by all BeanPostProcessors (for example: not eligible for auto-proxying). The currently created BeanPostProcessor [lbRestClientPostProcessor] is declared through a non-static factory method on that class; consider declaring it as static instead.
2024-04-06T16:47:00.313+08:00  WARN 172516 --- [EurekaServer] [    Test worker] trationDelegate$BeanPostProcessorChecker : Bean 'deferringLoadBalancerInterceptor' of type [org.springframework.cloud.client.loadbalancer.DeferringLoadBalancerInterceptor] is not eligible for getting processed by all BeanPostProcessors (for example: not eligible for auto-proxying). Is this bean getting eagerly injected into a currently created BeanPostProcessor [lbRestClientPostProcessor]? Check the corresponding BeanPostProcessor declaration and its dependencies.
2024-04-06T16:47:01.942+08:00  INFO 172516 --- [EurekaServer] [    Test worker] o.s.cloud.commons.util.InetUtils         : Cannot determine local hostname
2024-04-06T16:47:03.266+08:00  INFO 172516 --- [EurekaServer] [    Test worker] o.s.cloud.commons.util.InetUtils         : Cannot determine local hostname
2024-04-06T16:47:03.304+08:00  WARN 172516 --- [EurekaServer] [    Test worker] iguration$LoadBalancerCaffeineWarnLogger : Spring Cloud LoadBalancer is currently working with the default cache. While this cache implementation is useful for development and tests, it's recommended to use Caffeine cache in production.You can switch to using Caffeine cache, by adding it and org.springframework.cache.caffeine.CaffeineCacheManager to the classpath.
2024-04-06T16:47:03.475+08:00  INFO 172516 --- [EurekaServer] [    Test worker] o.s.c.n.eureka.InstanceInfoFactory       : Setting initial instance status as: STARTING
2024-04-06T16:47:03.502+08:00  INFO 172516 --- [EurekaServer] [    Test worker] com.netflix.discovery.DiscoveryClient    : Initializing Eureka in region us-east-1
2024-04-06T16:47:03.503+08:00  INFO 172516 --- [EurekaServer] [    Test worker] com.netflix.discovery.DiscoveryClient    : Client configured to neither register nor query for data.
2024-04-06T16:47:03.508+08:00  INFO 172516 --- [EurekaServer] [    Test worker] com.netflix.discovery.DiscoveryClient    : Discovery Client initialized at timestamp 1712393223508 with initial instances count: 0
2024-04-06T16:47:03.542+08:00  INFO 172516 --- [EurekaServer] [    Test worker] c.n.eureka.DefaultEurekaServerContext    : Initializing ...
2024-04-06T16:47:03.543+08:00  WARN 172516 --- [EurekaServer] [    Test worker] c.n.eureka.cluster.PeerEurekaNodes       : The replica size seems to be empty. Check the route 53 DNS Registry
2024-04-06T16:47:03.611+08:00  INFO 172516 --- [EurekaServer] [    Test worker] c.n.e.registry.AbstractInstanceRegistry  : Finished initializing remote region registries. All known remote regions: []
2024-04-06T16:47:03.612+08:00  INFO 172516 --- [EurekaServer] [    Test worker] c.n.eureka.DefaultEurekaServerContext    : Initialized
2024-04-06T16:47:03.720+08:00  INFO 172516 --- [EurekaServer] [    Test worker] o.s.b.a.e.web.EndpointLinksResolver      : Exposing 1 endpoint(s) beneath base path '/actuator'
2024-04-06T16:47:03.766+08:00  INFO 172516 --- [EurekaServer] [    Test worker] o.s.c.n.e.s.EurekaServiceRegistry        : Registering application EUREKASERVER with eureka with status UP
2024-04-06T16:47:03.779+08:00  INFO 172516 --- [EurekaServer] [    Test worker] c.w.e.EurekaServerApplicationTests       : Started EurekaServerApplicationTests in 5.608 seconds (process running for 6.621)
2024-04-06T16:47:03.784+08:00  INFO 172516 --- [EurekaServer] [      Thread-12] o.s.c.n.e.server.EurekaServerBootstrap   : isAws returned false
2024-04-06T16:47:03.785+08:00  INFO 172516 --- [EurekaServer] [      Thread-12] o.s.c.n.e.server.EurekaServerBootstrap   : Initialized server context
2024-04-06T16:47:03.785+08:00  INFO 172516 --- [EurekaServer] [      Thread-12] c.n.e.r.PeerAwareInstanceRegistryImpl    : Got 1 instances from neighboring DS node
2024-04-06T16:47:03.785+08:00  INFO 172516 --- [EurekaServer] [      Thread-12] c.n.e.r.PeerAwareInstanceRegistryImpl    : Renew threshold is: 1
2024-04-06T16:47:03.785+08:00  INFO 172516 --- [EurekaServer] [      Thread-12] c.n.e.r.PeerAwareInstanceRegistryImpl    : Changing status to UP
2024-04-06T16:47:03.793+08:00  INFO 172516 --- [EurekaServer] [      Thread-12] e.s.EurekaServerInitializerConfiguration : Started Eureka Server
]]></system-out>
  <system-err><![CDATA[WARNING: A Java agent has been loaded dynamically (C:\Users\Alone\.gradle\caches\modules-2\files-2.1\net.bytebuddy\byte-buddy-agent\1.14.12\be4984cb6fd1ef1d11f218a648889dfda44b8a15\byte-buddy-agent-1.14.12.jar)
WARNING: If a serviceability tool is in use, please run with -XX:+EnableDynamicAgentLoading to hide this warning
WARNING: If a serviceability tool is not in use, please run with -Djdk.instrument.traceUsage for more information
WARNING: Dynamic loading of agents will be disallowed by default in a future release
]]></system-err>
</testsuite>
